SF:lib\enums\DayOfTheWeek.dart
DA:1,3
DA:12,0
DA:14,0
DA:16,0
DA:18,0
DA:20,0
DA:22,0
DA:24,0
DA:26,0
DA:33,0
DA:34,0
DA:36,0
DA:38,0
DA:40,0
DA:42,0
DA:44,0
DA:46,0
DA:48,0
LF:18
LH:1
end_of_record
SF:lib\models\CourseDay.dart
DA:10,2
DA:11,2
DA:12,2
DA:14,0
DA:16,0
LF:5
LH:3
end_of_record
SF:lib\services\course_service.dart
DA:13,0
DA:14,0
DA:15,0
DA:19,0
DA:20,0
DA:21,0
DA:22,0
DA:24,0
DA:26,0
DA:27,0
DA:28,0
DA:36,0
DA:37,0
DA:38,0
DA:42,0
DA:43,0
DA:44,0
DA:45,0
DA:46,0
DA:47,0
DA:48,0
DA:49,0
DA:57,0
DA:58,0
DA:59,0
DA:67,0
DA:68,0
DA:73,0
DA:74,0
DA:75,0
DA:83,1
DA:85,3
DA:86,3
DA:87,3
DA:88,3
LF:35
LH:5
end_of_record
SF:lib\models\domain_models\Course.dart
DA:21,1
DA:38,1
DA:39,1
DA:51,2
DA:52,1
DA:53,4
DA:55,0
DA:56,1
DA:57,2
DA:61,0
DA:63,0
LF:11
LH:8
end_of_record
SF:lib\services\data_loader_service.dart
DA:16,0
DA:17,0
DA:18,0
DA:22,1
DA:23,1
DA:25,5
DA:26,1
DA:27,3
DA:28,2
DA:29,2
DA:30,5
DA:31,4
DA:32,4
DA:33,1
DA:34,1
DA:35,2
DA:36,1
DA:38,1
DA:41,5
DA:42,6
DA:43,6
DA:44,1
DA:45,5
DA:49,3
DA:50,8
DA:52,7
DA:59,1
DA:60,6
DA:61,1
DA:70,0
DA:71,0
DA:73,0
DA:74,0
DA:76,0
DA:83,0
DA:84,0
DA:85,0
DA:86,0
DA:87,0
DA:88,0
DA:89,0
DA:90,0
DA:91,0
DA:92,0
DA:95,0
DA:98,0
DA:99,0
DA:100,0
DA:101,0
DA:102,0
DA:103,0
DA:105,0
DA:106,0
DA:109,0
DA:110,0
DA:111,0
DA:113,0
DA:116,0
DA:119,0
DA:122,2
DA:124,2
DA:126,2
DA:129,2
DA:132,2
DA:135,2
DA:138,2
DA:141,2
DA:144,2
DA:149,6
DA:153,2
DA:154,4
DA:155,4
DA:156,4
DA:157,8
DA:158,6
DA:160,6
LF:76
LH:43
end_of_record
SF:lib\enums\CourseType.dart
DA:2,3
LF:1
LH:1
end_of_record
SF:lib\enums\CourseUseageType.dart
DA:3,3
LF:1
LH:1
end_of_record
SF:lib\enums\InsertType.dart
DA:2,3
LF:1
LH:1
end_of_record
SF:lib\helpers\common_snackbar.dart
DA:6,0
DA:15,0
DA:19,0
DA:20,0
DA:27,0
DA:37,0
DA:38,0
DA:41,0
DA:42,0
LF:9
LH:0
end_of_record
SF:lib\helpers\date_helper.dart
DA:3,0
DA:4,0
DA:8,1
DA:9,5
LF:4
LH:2
end_of_record
SF:lib\models\domain_models\BaseDomainModel.dart
DA:8,2
DA:9,6
DA:10,4
DA:11,4
LF:4
LH:4
end_of_record
SF:lib\main.dart
DA:10,0
DA:11,0
DA:15,0
DA:19,0
DA:21,0
DA:24,0
DA:28,0
DA:29,0
DA:38,0
LF:9
LH:0
end_of_record
SF:lib\enums\RedirectionTypeEnum.dart
DA:1,1
LF:1
LH:1
end_of_record
SF:lib\models\RedirectionCardModel.dart
DA:16,0
DA:18,0
DA:21,1
DA:22,0
LF:4
LH:1
end_of_record
SF:lib\dependency\register_dependencies.dart
DA:12,0
DA:13,0
DA:14,0
DA:15,0
DA:16,0
LF:5
LH:0
end_of_record
SF:lib\models\dao_models\CourseDAO.dart
DA:35,0
DA:36,0
DA:37,0
DA:38,0
DA:39,0
DA:40,0
DA:41,0
DA:42,0
DA:43,0
DA:44,0
DA:45,0
DA:46,0
DA:47,0
DA:48,0
DA:49,0
DA:50,0
DA:51,0
DA:52,0
DA:53,0
DA:54,0
DA:57,0
DA:59,0
DA:60,0
DA:61,0
DA:62,0
DA:63,0
DA:64,0
DA:65,0
DA:66,0
DA:67,0
DA:69,0
DA:70,0
DA:71,0
DA:73,0
DA:74,0
DA:75,0
DA:77,0
DA:78,0
DA:79,0
DA:83,0
DA:85,0
DA:86,0
DA:87,0
DA:88,0
DA:89,0
DA:90,0
DA:91,0
DA:92,0
DA:93,0
DA:94,0
DA:96,0
DA:97,0
DA:98,0
DA:100,0
DA:101,0
DA:102,0
DA:104,0
DA:105,0
DA:110,0
DA:112,0
DA:113,0
DA:114,0
DA:118,0
DA:120,0
LF:64
LH:0
end_of_record
SF:lib\repository\base_repository_impl.dart
DA:10,0
DA:17,0
DA:18,0
DA:19,0
DA:20,0
DA:22,0
DA:28,0
DA:29,0
DA:30,0
DA:33,0
DA:40,0
DA:41,0
DA:42,0
DA:45,0
DA:51,0
DA:60,0
DA:61,0
DA:62,0
DA:72,0
DA:74,0
DA:77,0
DA:82,0
DA:83,0
DA:84,0
DA:87,0
LF:25
LH:0
end_of_record
SF:lib\repository\sqlite_database_repository_impl.dart
DA:16,0
DA:18,0
DA:19,0
DA:22,0
DA:23,0
DA:27,0
DA:28,0
DA:32,0
DA:33,0
DA:34,0
DA:38,0
DA:40,0
DA:41,0
DA:44,0
DA:45,0
DA:47,0
DA:51,0
DA:56,0
DA:59,0
DA:62,0
DA:68,0
DA:69,0
LF:22
LH:0
end_of_record
SF:lib\helpers\cgpa_helper.dart
DA:4,0
DA:5,0
DA:6,0
DA:7,0
DA:10,0
DA:12,0
DA:13,0
DA:14,0
DA:15,0
DA:18,0
LF:10
LH:0
end_of_record
SF:lib\helpers\dynamic_size_config.dart
DA:18,0
DA:19,0
DA:20,0
DA:21,0
DA:22,0
DA:23,0
DA:25,0
DA:26,0
DA:27,0
DA:28,0
DA:34,0
DA:37,0
DA:41,0
DA:44,0
LF:14
LH:0
end_of_record
SF:lib\helpers\localization_helper.dart
DA:5,0
DA:6,0
LF:2
LH:0
end_of_record
SF:lib\router\route_provider.dart
DA:18,0
DA:19,0
DA:20,0
DA:21,0
DA:22,0
DA:23,0
DA:24,0
DA:26,0
DA:28,0
DA:29,0
DA:30,0
DA:31,0
DA:36,0
LF:13
LH:0
end_of_record
SF:lib\screens\views\home\home_view.dart
DA:14,0
DA:15,0
DA:19,0
DA:21,0
DA:23,0
DA:24,0
DA:25,0
DA:26,0
DA:28,0
DA:29,0
DA:31,0
DA:32,0
DA:33,0
DA:40,0
DA:41,0
DA:43,0
LF:16
LH:0
end_of_record
SF:lib\models\CGPACalculatorHeaderNotifierModel.dart
DA:7,0
LF:1
LH:0
end_of_record
SF:lib\models\CGPACalculatorModel.dart
DA:15,0
LF:1
LH:0
end_of_record
SF:lib\models\CardModel.dart
DA:5,1
DA:6,0
LF:2
LH:1
end_of_record
SF:lib\models\FormTextFieldMustHave.dart
DA:7,0
DA:9,0
DA:10,0
LF:3
LH:0
end_of_record
SF:lib\screens\views\advising_course_crud\create_update_advising_course.dart
DA:23,0
DA:24,0
DA:25,0
DA:33,0
DA:34,0
DA:35,0
DA:36,0
DA:38,0
DA:41,0
DA:42,0
DA:43,0
DA:44,0
DA:46,0
DA:52,0
DA:53,0
DA:54,0
DA:56,0
DA:62,0
DA:63,0
DA:64,0
DA:70,0
DA:71,0
DA:72,0
DA:73,0
DA:84,0
DA:86,0
DA:88,0
DA:91,0
DA:92,0
DA:93,0
DA:94,0
DA:95,0
DA:96,0
DA:97,0
DA:98,0
DA:100,0
DA:104,0
DA:105,0
DA:109,0
DA:112,0
DA:113,0
DA:114,0
DA:115,0
DA:116,0
DA:117,0
DA:118,0
DA:120,0
DA:121,0
DA:122,0
DA:135,0
DA:138,0
DA:141,0
DA:142,0
DA:143,0
DA:147,0
DA:148,0
DA:150,0
DA:153,0
DA:154,0
DA:155,0
DA:156,0
DA:157,0
DA:158,0
DA:159,0
DA:167,0
DA:168,0
DA:169,0
DA:170,0
DA:171,0
DA:172,0
DA:173,0
DA:174,0
DA:175,0
DA:176,0
DA:177,0
DA:178,0
DA:180,0
DA:181,0
DA:182,0
DA:190,0
DA:191,0
DA:193,0
DA:195,0
DA:198,0
DA:208,0
DA:211,0
DA:214,0
DA:215,0
DA:219,0
DA:225,0
DA:228,0
DA:229,0
DA:231,0
DA:233,0
DA:234,0
DA:235,0
DA:237,0
DA:238,0
DA:239,0
DA:240,0
DA:241,0
DA:244,0
DA:245,0
DA:248,0
DA:251,0
DA:256,0
DA:257,0
DA:258,0
DA:259,0
DA:260,0
DA:261,0
DA:262,0
DA:263,0
DA:265,0
DA:266,0
DA:267,0
DA:268,0
DA:271,0
DA:272,0
DA:273,0
DA:274,0
DA:277,0
DA:278,0
DA:280,0
DA:282,0
DA:283,0
DA:284,0
DA:285,0
DA:286,0
DA:287,0
DA:288,0
DA:289,0
DA:290,0
DA:291,0
DA:293,0
DA:297,0
DA:298,0
DA:299,0
DA:300,0
DA:301,0
DA:302,0
DA:303,0
DA:304,0
DA:305,0
DA:307,0
DA:314,0
DA:316,0
DA:318,0
DA:319,0
DA:320,0
DA:321,0
DA:322,0
DA:323,0
DA:324,0
DA:325,0
DA:326,0
DA:327,0
DA:329,0
DA:333,0
DA:334,0
DA:335,0
DA:336,0
DA:337,0
DA:338,0
DA:339,0
DA:340,0
DA:341,0
DA:343,0
DA:350,0
DA:351,0
DA:352,0
DA:353,0
DA:354,0
DA:355,0
DA:362,0
DA:363,0
DA:364,0
DA:365,0
DA:367,0
DA:368,0
DA:369,0
DA:370,0
DA:371,0
DA:372,0
DA:377,0
DA:378,0
DA:380,0
DA:382,0
DA:383,0
DA:385,0
DA:388,0
LF:191
LH:0
end_of_record
SF:lib\screens\views\advising_course_crud\list_advising_course.dart
DA:15,0
DA:16,0
DA:22,0
DA:23,0
DA:25,0
DA:26,0
DA:28,0
DA:29,0
DA:30,0
DA:32,0
DA:35,0
DA:36,0
DA:37,0
DA:38,0
DA:39,0
DA:41,0
DA:42,0
DA:43,0
DA:44,0
DA:47,0
DA:55,0
DA:57,0
DA:58,0
DA:59,0
DA:62,0
DA:63,0
DA:64,0
DA:66,0
DA:67,0
DA:68,0
DA:69,0
DA:70,0
DA:71,0
DA:73,0
DA:76,0
DA:77,0
DA:78,0
DA:81,0
DA:82,0
DA:87,0
DA:89,0
DA:94,0
DA:95,0
DA:98,0
DA:99,0
DA:100,0
DA:114,0
DA:115,0
DA:116,0
DA:117,0
LF:50
LH:0
end_of_record
SF:lib\screens\views\advising_helper\advising_helper_no_conflict_scheduling_view.dart
DA:12,0
DA:14,0
DA:15,0
DA:22,0
DA:23,0
DA:24,0
DA:25,0
DA:27,0
DA:28,0
DA:33,0
DA:35,0
DA:36,0
DA:37,0
DA:41,0
DA:42,0
DA:43,0
DA:45,0
DA:46,0
DA:47,0
DA:48,0
DA:50,0
DA:52,0
DA:53,0
DA:54,0
DA:55,0
DA:59,0
DA:60,0
DA:61,0
DA:64,0
DA:65,0
DA:70,0
DA:72,0
DA:77,0
DA:78,0
DA:81,0
DA:82,0
DA:83,0
LF:37
LH:0
end_of_record
SF:lib\screens\views\advising_helper\advising_helper_view.dart
DA:15,0
DA:16,0
DA:26,0
DA:27,0
DA:28,0
DA:29,0
DA:32,0
DA:33,0
DA:34,0
DA:35,0
DA:37,0
DA:44,0
DA:46,0
DA:47,0
DA:50,0
DA:53,0
DA:54,0
DA:55,0
DA:59,0
DA:60,0
DA:61,0
DA:63,0
DA:66,0
DA:67,0
DA:69,0
DA:70,0
DA:75,0
DA:76,0
DA:77,0
DA:78,0
DA:79,0
DA:85,0
DA:86,0
DA:87,0
DA:89,0
DA:90,0
DA:91,0
DA:92,0
DA:93,0
DA:95,0
DA:96,0
DA:99,0
DA:101,0
DA:102,0
DA:104,0
DA:105,0
DA:107,0
DA:108,0
DA:113,0
DA:116,0
DA:117,0
DA:118,0
DA:121,0
DA:122,0
DA:123,0
DA:124,0
DA:125,0
DA:126,0
DA:127,0
DA:131,0
DA:132,0
DA:133,0
DA:134,0
DA:135,0
DA:137,0
DA:138,0
DA:141,0
DA:142,0
DA:143,0
DA:149,0
DA:155,0
DA:156,0
DA:157,0
DA:160,0
DA:161,0
DA:166,0
DA:168,0
DA:173,0
DA:174,0
DA:177,0
DA:178,0
DA:179,0
DA:195,0
DA:197,0
DA:198,0
DA:199,0
DA:201,0
DA:202,0
DA:203,0
DA:204,0
DA:206,0
DA:212,0
DA:213,0
DA:214,0
DA:218,0
DA:219,0
DA:220,0
LF:97
LH:0
end_of_record
SF:lib\screens\views\cgpa_calculator\cgpa_calculator_view.dart
DA:15,0
DA:16,0
DA:24,0
DA:25,0
DA:26,0
DA:27,0
DA:28,0
DA:38,0
DA:39,0
DA:40,0
DA:41,0
DA:45,0
DA:46,0
DA:47,0
DA:48,0
DA:49,0
DA:53,0
DA:54,0
DA:55,0
DA:56,0
DA:60,0
DA:61,0
DA:62,0
DA:63,0
DA:64,0
DA:71,0
DA:72,0
DA:73,0
DA:76,0
DA:78,0
DA:79,0
DA:80,0
DA:85,0
DA:86,0
DA:88,0
DA:89,0
DA:92,0
DA:95,0
DA:96,0
DA:98,0
DA:101,0
DA:102,0
DA:106,0
DA:108,0
DA:109,0
DA:110,0
DA:112,0
DA:113,0
DA:115,0
DA:116,0
DA:119,0
DA:125,0
DA:126,0
DA:127,0
DA:128,0
DA:132,0
DA:133,0
DA:134,0
DA:135,0
DA:136,0
DA:139,0
DA:140,0
DA:141,0
DA:144,0
DA:146,0
DA:147,0
DA:148,0
DA:149,0
DA:151,0
DA:154,0
DA:157,0
DA:159,0
DA:162,0
DA:164,0
DA:165,0
DA:167,0
DA:169,0
DA:177,0
DA:179,0
DA:182,0
DA:184,0
DA:185,0
DA:187,0
DA:189,0
DA:196,0
DA:198,0
DA:200,0
DA:208,0
DA:209,0
DA:210,0
DA:211,0
DA:212,0
DA:213,0
DA:214,0
DA:216,0
DA:218,0
DA:220,0
DA:221,0
DA:226,0
DA:227,0
DA:229,0
DA:230,0
DA:234,0
DA:235,0
DA:237,0
DA:238,0
DA:241,0
DA:245,0
DA:247,0
DA:248,0
DA:253,0
DA:254,0
DA:256,0
DA:257,0
DA:261,0
DA:262,0
DA:264,0
DA:265,0
DA:268,0
DA:271,0
DA:273,0
DA:275,0
DA:276,0
DA:277,0
DA:278,0
DA:286,0
DA:292,0
DA:293,0
DA:294,0
DA:298,0
DA:299,0
DA:300,0
DA:301,0
DA:302,0
DA:303,0
DA:304,0
DA:310,0
DA:312,0
DA:314,0
DA:315,0
DA:318,0
DA:319,0
DA:320,0
DA:321,0
DA:325,0
DA:328,0
DA:329,0
DA:330,0
DA:339,0
DA:341,0
DA:342,0
DA:343,0
DA:345,0
LF:153
LH:0
end_of_record
SF:lib\screens\views\quick_links\quick_links.dart
DA:12,0
DA:14,0
DA:15,0
DA:16,0
DA:17,0
DA:19,0
DA:22,0
DA:25,0
DA:27,0
DA:28,0
DA:29,0
DA:30,0
DA:31,0
DA:33,0
DA:35,0
DA:36,0
DA:37,0
DA:38,0
DA:39,0
DA:40,0
LF:20
LH:0
end_of_record
SF:lib\screens\views\splash\splash_view.dart
DA:4,0
DA:5,0
DA:9,0
DA:11,0
DA:12,0
LF:5
LH:0
end_of_record
SF:lib\screens\sharedComponents\generic_list_with_top_icon_view\generic_url_redirection_card_list_page.dart
DA:13,0
DA:15,0
DA:16,0
DA:20,0
DA:21,0
DA:22,0
DA:23,0
DA:25,0
DA:27,0
DA:28,0
DA:29,0
DA:30,0
DA:32,0
DA:33,0
DA:35,0
DA:48,0
DA:49,0
DA:50,0
DA:51,0
DA:53,0
DA:55,0
DA:56,0
DA:59,0
DA:60,0
DA:61,0
DA:62,0
DA:63,0
DA:64,0
DA:65,0
DA:66,0
DA:70,0
DA:72,0
DA:73,0
DA:74,0
DA:75,0
DA:76,0
DA:77,0
DA:81,0
DA:82,0
DA:83,0
DA:87,0
DA:92,0
DA:94,0
DA:96,0
DA:97,0
DA:98,0
DA:99,0
DA:100,0
DA:101,0
LF:49
LH:0
end_of_record
SF:lib\screens\sharedComponents\generic_menu_card\generic_menu_card.dart
DA:9,0
DA:10,0
DA:12,0
DA:14,0
DA:15,0
DA:16,0
DA:17,0
DA:19,0
DA:20,0
DA:22,0
DA:24,0
DA:26,0
DA:27,0
DA:29,0
DA:37,0
LF:15
LH:0
end_of_record
SF:lib\screens\sharedComponents\generic_text_field\generic_text_field.dart
DA:14,0
DA:15,0
DA:16,0
DA:20,0
DA:22,0
DA:23,0
DA:24,0
DA:25,0
DA:26,0
DA:27,0
DA:28,0
DA:29,0
DA:30,0
DA:31,0
DA:33,0
LF:15
LH:0
end_of_record
SF:lib\screens\views\advising_helper\components\action_button.dart
DA:6,0
DA:10,0
DA:15,0
DA:18,0
DA:19,0
DA:22,0
DA:24,0
DA:25,0
DA:26,0
DA:27,0
DA:28,0
LF:11
LH:0
end_of_record
SF:lib\screens\views\advising_helper\components\expandable_fab.dart
DA:5,0
DA:10,0
DA:16,0
DA:17,0
DA:26,0
DA:28,0
DA:29,0
DA:30,0
DA:31,0
DA:35,0
DA:38,0
DA:42,0
DA:44,0
DA:45,0
DA:48,0
DA:49,0
DA:50,0
DA:51,0
DA:52,0
DA:54,0
DA:59,0
DA:61,0
DA:62,0
DA:65,0
DA:66,0
DA:67,0
DA:68,0
DA:74,0
DA:75,0
DA:78,0
DA:79,0
DA:83,0
DA:84,0
DA:85,0
DA:87,0
DA:89,0
DA:98,0
DA:99,0
DA:100,0
DA:101,0
DA:103,0
DA:104,0
DA:105,0
DA:106,0
DA:108,0
DA:109,0
DA:110,0
DA:117,0
DA:118,0
DA:119,0
DA:120,0
DA:122,0
DA:123,0
DA:124,0
DA:129,0
DA:130,0
DA:133,0
DA:134,0
DA:145,0
DA:151,0
DA:158,0
DA:160,0
DA:161,0
DA:162,0
DA:163,0
DA:164,0
DA:165,0
DA:167,0
DA:168,0
DA:169,0
DA:170,0
DA:171,0
DA:176,0
DA:177,0
DA:178,0
LF:75
LH:0
end_of_record
SF:lib\screens\views\cgpa_calculator\components\cgpa_calculator_header_section.dart
DA:11,0
DA:12,0
DA:14,0
DA:20,0
DA:22,0
DA:23,0
DA:24,0
DA:26,0
DA:28,0
DA:30,0
DA:31,0
DA:32,0
DA:33,0
DA:37,0
DA:42,0
DA:43,0
DA:44,0
DA:48,0
LF:18
LH:0
end_of_record
SF:lib\screens\views\cgpa_calculator\components\semi_circular_progress_bar.dart
DA:16,0
DA:27,0
DA:29,0
DA:33,0
DA:35,0
DA:39,0
DA:41,0
DA:44,0
DA:46,0
DA:47,0
DA:48,0
DA:49,0
DA:52,0
DA:55,0
DA:59,0
DA:60,0
DA:61,0
DA:62,0
DA:67,0
DA:72,0
DA:73,0
DA:76,0
DA:77,0
DA:78,0
DA:80,0
DA:83,0
DA:84,0
DA:85,0
LF:28
LH:0
end_of_record
